<?xml version="1.0" encoding="UTF-8"?>
<!-- Generated by org.testng.reporters.JUnitReportReporter -->
<testsuite skipped="0" hostname="lobid-Inspiron-13-7359" name="regressionTest.UpdateInfoTest" tests="1" failures="0" timestamp="08 Feb 2019 07:26:43 GMT" time="20.115" errors="0">
  <testcase name="updateInfo" time="20.115" classname="regressionTest.UpdateInfoTest"/>
</testsuite> <!-- regressionTest.UpdateInfoTest -->
